2021-07-28 10:14:17 info: User: mmustermann - Method: Post - Route: /mobileList/undefined - Body: {"list":"[{\"stock_id\":\"21\",\"lay_in\":false,\"amount\":\"1\"},{\"stock_id\":\"20\",\"lay_in\":false,\"amount\":\"1\"}]"}
2021-07-28 10:23:23 info: User: mmustermann - Method: Post - Route: /mobileList/undefined - Body: {"list":"[{\"stock_id\":\"21\",\"lay_in\":false,\"amount\":\"1\"},{\"stock_id\":\"20\",\"lay_in\":false,\"amount\":\"1\"},{\"stock_id\":\"19\",\"lay_in\":false,\"amount\":\"1\"}]"}
2021-07-28 10:23:58 info: User: mmustermann - Method: Post - Route: /mobileList/undefined - Body: {"list":"[{\"stock_id\":\"21\",\"lay_in\":false,\"amount\":\"1\"},{\"stock_id\":\"20\",\"lay_in\":false,\"amount\":\"1\"},{\"stock_id\":\"19\",\"lay_in\":false,\"amount\":\"1\"}]"}
2021-07-28 10:27:16 info: User: mmustermann - Method: Post - Route: /mobileList/undefined - Body: {"list":"[{\"stock_id\":\"21\",\"lay_in\":false,\"amount\":\"1\"},{\"stock_id\":\"20\",\"lay_in\":false,\"amount\":\"1\"},{\"stock_id\":\"19\",\"lay_in\":false,\"amount\":\"1\"}]"}
2021-07-28 10:29:51 info: User: mmustermann - Method: Post - Route: /mobileList/undefined - Body: {"list":"[{\"stock_id\":\"21\",\"lay_in\":false,\"amount\":\"1\"},{\"stock_id\":\"20\",\"lay_in\":false,\"amount\":\"1\"},{\"stock_id\":\"15\",\"lay_in\":false,\"amount\":\"1\"}]"}
2021-07-28 10:30:43 info: User: wmacher - Method: Post - Route: /mobileList/undefined - Body: {"list":"[{\"stock_id\":\"21\",\"lay_in\":false,\"amount\":\"1\"}]"}
2021-07-28 10:30:43 error: User: wmacher - Method: Post - Route: /mobileList/undefined - Body: {"list":"[{\"stock_id\":\"21\",\"lay_in\":false,\"amount\":\"1\"}]"} - Error: SyntaxError: Unexpected token o in JSON at position 1
2021-07-28 10:31:20 info: User: wmacher - Method: Post - Route: /mobileList/undefined - Body: {"list":"[{\"stock_id\":\"21\",\"lay_in\":false,\"amount\":\"1\"}]"}
2021-07-28 10:31:20 error: User: wmacher - Method: Post - Route: /mobileList/undefined - Body: {"list":"[{\"stock_id\":\"21\",\"lay_in\":false,\"amount\":\"1\"}]"} - Error: SyntaxError: Unexpected token o in JSON at position 1
2021-07-28 10:34:13 info: User: wmacher - Method: Post - Route: /mobileList/undefined - Body: {"list":"[{\"stock_id\":\"21\",\"lay_in\":false,\"amount\":\"1\"}]"}
2021-07-28 10:34:13 error: User: wmacher - Method: Post - Route: /mobileList/undefined - Body: {"list":"[{\"stock_id\":\"21\",\"lay_in\":false,\"amount\":\"1\"}]"} - Error: SyntaxError: Unexpected token o in JSON at position 1
2021-07-28 10:34:49 info: User: wmacher - Method: Post - Route: /mobileList/undefined - Body: {"list":"[{\"stock_id\":\"21\",\"lay_in\":false,\"amount\":\"1\"}]"}
2021-07-28 10:35:43 info: User: wmacher - Method: Post - Route: /mobileList/undefined - Body: {"list":"[{\"stock_id\":\"21\",\"lay_in\":false,\"amount\":\"1\"},{\"stock_id\":\"20\",\"lay_in\":false,\"amount\":\"1\"}]"}
2021-07-28 10:35:55 info: User: wmacher - Method: Post - Route: /mobileList/undefined - Body: {"list":"[{\"stock_id\":\"21\",\"lay_in\":false,\"amount\":\"1\"},{\"stock_id\":\"20\",\"lay_in\":false,\"amount\":\"1\"},{\"stock_id\":\"19\",\"lay_in\":false,\"amount\":\"1\"}]"}
2021-07-28 10:36:17 info: User: wmacher - Method: Post - Route: /mobileList/undefined - Body: {"list":"[{\"stock_id\":\"21\",\"lay_in\":false,\"amount\":\"1\"}]"}
2021-07-28 10:36:17 error: User: wmacher - Method: Post - Route: /mobileList/undefined - Body: {"list":"[{\"stock_id\":\"21\",\"lay_in\":false,\"amount\":\"1\"}]"} - Error: SyntaxError: Unexpected token o in JSON at position 1
2021-07-28 10:37:30 info: User: wmacher - Method: Post - Route: /mobileList/undefined - Body: {"list":"[{\"stock_id\":\"21\",\"lay_in\":false,\"amount\":\"1\"}]"}
2021-07-28 10:38:35 info: User: wmacher - Method: Post - Route: /mobileList/undefined - Body: {"list":"[{\"stock_id\":\"21\",\"lay_in\":false,\"amount\":\"1\"}]"}
2021-07-28 10:39:19 info: User: wmacher - Method: Post - Route: /mobileList/undefined - Body: {"list":"[{\"stock_id\":\"21\",\"lay_in\":false,\"amount\":\"1\"}]"}
2021-07-28 10:39:40 info: User: wmacher - Method: Post - Route: /mobileList/undefined - Body: {"list":"[{\"stock_id\":\"21\",\"lay_in\":false,\"amount\":\"1\"}]"}
2021-07-28 10:40:06 info: User: wmacher - Method: Post - Route: /mobileList/undefined - Body: {"list":"[{\"stock_id\":\"21\",\"lay_in\":false,\"amount\":\"1\"}]"}
2021-07-28 10:40:30 info: User: wmacher - Method: Post - Route: /mobileList/undefined - Body: {"list":"[{\"stock_id\":\"21\",\"lay_in\":false,\"amount\":\"1\"},{\"stock_id\":\"20\",\"lay_in\":false,\"amount\":\"1\"},{\"stock_id\":\"19\",\"lay_in\":false,\"amount\":\"1\"}]"}
2021-07-28 10:43:06 info: User: wmacher - Method: Post - Route: /mobileList/undefined - Body: {"list":"[{\"stock_id\":\"21\",\"lay_in\":false,\"amount\":\"1\"},{\"stock_id\":\"20\",\"lay_in\":false,\"amount\":\"1\"},{\"stock_id\":\"19\",\"lay_in\":false,\"amount\":\"1\"}]"}
2021-07-28 10:46:25 info: User: wmacher - Method: Post - Route: /mobileList/undefined - Body: {"list":"[{\"stock_id\":\"21\",\"lay_in\":false,\"amount\":\"1\"}]"}
2021-07-28 10:46:56 info: User: wmacher - Method: Post - Route: /mobileList/undefined - Body: {"list":"[{\"stock_id\":\"21\",\"lay_in\":false,\"amount\":\"1\"},{\"stock_id\":\"20\",\"lay_in\":false,\"amount\":\"1\"},{\"stock_id\":\"19\",\"lay_in\":false,\"amount\":\"1\"}]"}
2021-07-28 10:47:51 info: User: wmacher - Method: Post - Route: /mobileList/undefined - Body: {"list":"[{\"stock_id\":\"21\",\"lay_in\":false,\"amount\":\"1\"},{\"stock_id\":\"20\",\"lay_in\":false,\"amount\":\"1\"},{\"stock_id\":\"19\",\"lay_in\":false,\"amount\":\"1\"}]"}
2021-07-28 10:55:24 info: User: wmacher - Method: Post - Route: /mobileList/undefined - Body: {"list":"[{\"stock_id\":\"21\",\"lay_in\":false,\"amount\":\"1\"},{\"stock_id\":\"20\",\"lay_in\":false,\"amount\":\"1\"},{\"stock_id\":\"19\",\"lay_in\":false,\"amount\":\"1\"}]"}
2021-07-28 11:00:18 info: User: wmacher - Method: Post - Route: /mobileList/undefined - Body: {"list":"[{\"stock_id\":\"21\",\"lay_in\":false,\"amount\":\"1\"}]"}
2021-07-28 11:20:50 info: User: wmacher - Method: Post - Route: /mobileList/undefined - Body: {"list":"[{\"stock_id\":\"22\",\"lay_in\":false,\"amount\":\"1\"}]"}
2021-07-28 11:49:17 info: User: wmacher - Method: Post - Route: /mobileList/undefined - Body: {"list":"[{\"stock_id\":\"22\",\"lay_in\":false,\"amount\":\"1\"}]"}
2021-07-28 11:51:18 info: User: wmacher - Method: Post - Route: /mobileList/undefined - Body: {"list":"[{\"stock_id\":\"22\",\"lay_in\":false,\"amount\":\"1\"},{\"stock_id\":\"21\",\"lay_in\":false,\"amount\":\"1\"},{\"stock_id\":\"20\",\"lay_in\":false,\"amount\":\"1\"}]"}
2021-07-28 11:57:14 info: User: wmacher - Method: Post - Route: /mobileList/undefined - Body: {"list":"[{\"stock_id\":\"22\",\"lay_in\":false,\"amount\":\"1\"},{\"stock_id\":\"21\",\"lay_in\":false,\"amount\":\"1\"},{\"stock_id\":\"20\",\"lay_in\":false,\"amount\":\"1\"}]"}
2021-07-28 11:58:00 info: User: wmacher - Method: Post - Route: /mobileList/undefined - Body: {"list":"[{\"stock_id\":\"22\",\"lay_in\":false,\"amount\":\"1\"},{\"stock_id\":\"21\",\"lay_in\":false,\"amount\":\"1\"},{\"stock_id\":\"20\",\"lay_in\":false,\"amount\":\"1\"}]"}
2021-07-28 11:58:51 info: User: wmacher - Method: Post - Route: /mobileList/undefined - Body: {"list":"[{\"stock_id\":\"22\",\"lay_in\":false,\"amount\":\"1\"},{\"stock_id\":\"21\",\"lay_in\":false,\"amount\":\"1\"}]"}
2021-07-28 11:58:51 error: User: wmacher - Method: Post - Route: /mobileList/undefined - Body: {"list":"[{\"stock_id\":\"22\",\"lay_in\":false,\"amount\":\"1\"},{\"stock_id\":\"21\",\"lay_in\":false,\"amount\":\"1\"}]"} - Error: SyntaxError: Unexpected token o in JSON at position 1
2021-07-28 11:58:54 info: User: wmacher - Method: Post - Route: /mobileList/undefined - Body: {"list":"[{\"stock_id\":\"22\",\"lay_in\":false,\"amount\":\"1\"},{\"stock_id\":\"21\",\"lay_in\":false,\"amount\":\"1\"}]"}
2021-07-28 11:58:54 error: User: wmacher - Method: Post - Route: /mobileList/undefined - Body: {"list":"[{\"stock_id\":\"22\",\"lay_in\":false,\"amount\":\"1\"},{\"stock_id\":\"21\",\"lay_in\":false,\"amount\":\"1\"}]"} - Error: SyntaxError: Unexpected token o in JSON at position 1
2021-07-28 12:27:19 info: User: wmacher - Method: Post - Route: /mobileList/undefined - Body: {"list":"[{\"stock_id\":\"22\",\"lay_in\":false,\"amount\":\"1\"},{\"stock_id\":\"21\",\"lay_in\":false,\"amount\":\"1\"}]"}
2021-07-28 12:29:42 info: User: wmacher - Method: Post - Route: /mobileList/undefined - Body: {"list":"[{\"stock_id\":\"22\",\"lay_in\":false,\"amount\":\"1\"},{\"stock_id\":\"21\",\"lay_in\":false,\"amount\":\"1\"}]"}
2021-07-28 12:29:42 error: User: wmacher - Method: Post - Route: /mobileList/undefined - Body: {"list":"[{\"stock_id\":\"22\",\"lay_in\":false,\"amount\":\"1\"},{\"stock_id\":\"21\",\"lay_in\":false,\"amount\":\"1\"}]"} - Error: TypeError: Cannot read property 'push' of undefined
2021-07-28 12:31:53 info: User: wmacher - Method: Post - Route: /mobileList/undefined - Body: {"list":"[{\"stock_id\":\"22\",\"lay_in\":false,\"amount\":\"1\"},{\"stock_id\":\"21\",\"lay_in\":false,\"amount\":\"1\"}]"}
2021-07-28 12:32:25 info: User: wmacher - Method: Post - Route: /mobileList/undefined - Body: {"list":"[{\"stock_id\":\"22\",\"lay_in\":false,\"amount\":\"1\"},{\"stock_id\":\"21\",\"lay_in\":false,\"amount\":\"1\"}]"}
2021-07-28 12:32:42 info: User: wmacher - Method: Post - Route: /mobileList/undefined - Body: {"list":"[{\"stock_id\":\"22\",\"lay_in\":false,\"amount\":\"1\"}]"}
2021-07-28 12:33:28 info: User: wmacher - Method: Post - Route: /mobileList/undefined - Body: {"list":"[{\"stock_id\":\"22\",\"lay_in\":false,\"amount\":\"1\"}]"}
2021-07-28 12:33:54 info: User: wmacher - Method: Post - Route: /mobileList/undefined - Body: {"list":"[{\"stock_id\":\"22\",\"lay_in\":false,\"amount\":\"1\"},{\"stock_id\":\"21\",\"lay_in\":false,\"amount\":\"1\"}]"}
2021-07-28 12:34:04 info: User: wmacher - Method: Post - Route: /mobileList/undefined - Body: {"list":"[{\"stock_id\":\"20\",\"lay_in\":false,\"amount\":\"1\"},{\"stock_id\":\"21\",\"lay_in\":false,\"amount\":\"1\"},{\"stock_id\":\"22\",\"lay_in\":false,\"amount\":\"1\"}]"}
2021-07-28 12:34:36 info: User: wmacher - Method: Post - Route: /mobileList/undefined - Body: {"list":"[{\"stock_id\":\"22\",\"lay_in\":false,\"amount\":\"1\"},{\"stock_id\":\"21\",\"lay_in\":false,\"amount\":\"1\"},{\"stock_id\":\"20\",\"lay_in\":false,\"amount\":\"1\"}]"}
2021-07-28 12:35:22 info: User: wmacher - Method: Post - Route: /mobileList/undefined - Body: {"list":"[{\"stock_id\":\"22\",\"lay_in\":false,\"amount\":\"1\"},{\"stock_id\":\"21\",\"lay_in\":false,\"amount\":\"1\"},{\"stock_id\":\"20\",\"lay_in\":false,\"amount\":\"1\"}]"}
2021-07-28 12:36:22 info: User: wmacher - Method: Post - Route: /mobileList/undefined - Body: {"list":"[{\"stock_id\":\"22\",\"lay_in\":false,\"amount\":\"1\"},{\"stock_id\":\"21\",\"lay_in\":false,\"amount\":\"1\"}]"}
2021-07-28 12:41:39 info: User: wmacher - Method: Post - Route: /mobileList/undefined - Body: {"list":"[{\"stock_id\":\"22\",\"lay_in\":false,\"amount\":\"1\"}]"}
2021-07-28 12:46:26 info: User: wmacher - Method: Post - Route: /mobileList/undefined - Body: {"list":"[{\"stock_id\":\"22\",\"lay_in\":false,\"amount\":\"1\"},{\"stock_id\":\"21\",\"lay_in\":false,\"amount\":\"1\"},{\"stock_id\":\"20\",\"lay_in\":false,\"amount\":\"1\"}]"}
2021-07-28 13:07:47 info: User: wmacher - Method: Post - Route: /mobileList/undefined - Body: {"list":"[{\"stock_id\":\"22\",\"lay_in\":false,\"amount\":\"1\"},{\"stock_id\":\"21\",\"lay_in\":false,\"amount\":\"1\"},{\"stock_id\":\"20\",\"lay_in\":false,\"amount\":\"1\"}]"}
2021-07-28 13:08:27 info: User: wmacher - Method: Post - Route: /mobileList/undefined - Body: {"list":"[{\"stock_id\":\"22\",\"lay_in\":false,\"amount\":\"1\"},{\"stock_id\":\"21\",\"lay_in\":false,\"amount\":\"1\"},{\"stock_id\":\"20\",\"lay_in\":false,\"amount\":\"1\"}]"}
2021-07-28 13:09:08 info: User: wmacher - Method: Post - Route: /mobileList/undefined - Body: {"list":"[{\"stock_id\":\"22\",\"lay_in\":false,\"amount\":\"1\"},{\"stock_id\":\"21\",\"lay_in\":false,\"amount\":\"1\"},{\"stock_id\":\"20\",\"lay_in\":false,\"amount\":\"1\"}]"}
2021-07-28 13:23:49 info: User: wmacher - Method: Post - Route: /mobileList/undefined - Body: {"list":"[{\"stock_id\":\"22\",\"lay_in\":false,\"amount\":\"1\"},{\"stock_id\":\"21\",\"lay_in\":false,\"amount\":\"1\"},{\"stock_id\":\"20\",\"lay_in\":false,\"amount\":\"1\"}]"}
2021-07-28 13:24:16 info: User: wmacher - Method: Post - Route: /mobileList/undefined - Body: {"list":"[{\"stock_id\":\"22\",\"lay_in\":false,\"amount\":\"1\"},{\"stock_id\":\"20\",\"lay_in\":false,\"amount\":\"1\"}]"}
2021-07-28 13:26:08 info: User: wmacher - Method: Post - Route: /mobileList/undefined - Body: {"list":"[{\"stock_id\":\"22\",\"lay_in\":false,\"amount\":\"1\"},{\"stock_id\":\"21\",\"lay_in\":false,\"amount\":\"1\"},{\"stock_id\":\"20\",\"lay_in\":false,\"amount\":\"1\"}]"}
2021-07-28 13:28:35 info: User: wmacher - Method: Post - Route: /mobileList/undefined - Body: {"list":"[{\"stock_id\":\"22\",\"lay_in\":false,\"amount\":\"1\"},{\"stock_id\":\"21\",\"lay_in\":false,\"amount\":\"1\"},{\"stock_id\":\"20\",\"lay_in\":false,\"amount\":\"1\"}]"}
2021-07-28 13:30:27 info: User: mmustermann - Method: Post - Route: /mobileList/undefined - Body: {"list":"[{\"stock_id\":\"15\",\"lay_in\":false,\"amount\":\"1\"}]"}
2021-07-28 13:31:12 info: User: wmacher - Method: Post - Route: /mobileList/undefined - Body: {"list":"[{\"stock_id\":\"22\",\"lay_in\":false,\"amount\":\"1\"},{\"stock_id\":\"21\",\"lay_in\":false,\"amount\":\"1\"},{\"stock_id\":\"20\",\"lay_in\":false,\"amount\":\"1\"}]"}
2021-07-28 13:36:55 info: User: wmacher - Method: Post - Route: /mobileList/undefined - Body: {"list":"[{\"stock_id\":\"21\",\"lay_in\":false,\"amount\":\"1\"}]"}
2021-07-28 13:42:00 info: User: wmacher - Method: Post - Route: /mobileList/undefined - Body: {"list":"[{\"stock_id\":\"22\",\"lay_in\":false,\"amount\":\"1\"}]"}
2021-07-28 13:48:16 info: User: wmacher - Method: Post - Route: /mobileList/undefined - Body: {"list":"[{\"stock_id\":\"22\",\"lay_in\":false,\"amount\":\"1\"}]"}
2021-07-28 13:49:50 info: User: wmacher - Method: Post - Route: /mobileList/undefined - Body: {"list":"[{\"stock_id\":\"22\",\"lay_in\":false,\"amount\":\"1\"}]"}
2021-07-28 13:51:47 info: User: wmacher - Method: Post - Route: /mobileList/undefined - Body: {"list":"[{\"stock_id\":\"22\",\"lay_in\":false,\"amount\":\"1\"}]"}
2021-07-28 14:11:14 info: User: wmacher - Method: Post - Route: /mobileList/undefined - Body: {"list":"[{\"stock_id\":\"22\",\"lay_in\":false,\"amount\":\"1\"},{\"stock_id\":\"21\",\"lay_in\":false,\"amount\":\"1\"},{\"stock_id\":\"20\",\"lay_in\":false,\"amount\":\"1\"}]"}
